<?xml version="1.0" encoding="UTF-8"?>
<testng-results skipped="0" failed="0" total="1" passed="1">
  <reporter-output>
  </reporter-output>
  <suite name="Example test run" duration-ms="8069" started-at="2018-03-23T05:48:28Z" finished-at="2018-03-23T05:48:36Z">
    <groups>
    </groups>
    <test name="Simple Test" duration-ms="8069" started-at="2018-03-23T05:48:28Z" finished-at="2018-03-23T05:48:36Z">
      <class name="com.google.tests.GoogleHomePageTest">
        <test-method status="PASS" signature="testSetUp()[pri:0, instance:com.google.tests.GoogleHomePageTest@6615435c]" name="testSetUp" is-config="true" duration-ms="1486" started-at="2018-03-23T11:18:28Z" finished-at="2018-03-23T11:18:29Z">
          <reporter-output>
          </reporter-output>
        </test-method> <!-- testSetUp -->
        <test-method status="PASS" signature="verifyGooglePageTittle()[pri:0, instance:com.google.tests.GoogleHomePageTest@6615435c]" name="verifyGooglePageTittle" duration-ms="5996" started-at="2018-03-23T11:18:29Z" finished-at="2018-03-23T11:18:35Z">
          <reporter-output>
          </reporter-output>
        </test-method> <!-- verifyGooglePageTittle -->
        <test-method status="PASS" signature="tearDown()[pri:0, instance:com.google.tests.GoogleHomePageTest@6615435c]" name="tearDown" is-config="true" duration-ms="575" started-at="2018-03-23T11:18:35Z" finished-at="2018-03-23T11:18:36Z">
          <reporter-output>
          </reporter-output>
        </test-method> <!-- tearDown -->
      </class> <!-- com.google.tests.GoogleHomePageTest -->
    </test> <!-- Simple Test -->
  </suite> <!-- Example test run -->
</testng-results>
