<?xml version="1.0" encoding="UTF-8"?>
<!-- Generated by org.testng.reporters.JUnitXMLReporter -->
<testsuite hostname="suraj-PC" name="Simple Test" tests="1" failures="1" timestamp="23 Mar 2018 06:09:04 GMT" time="5.005" errors="0">
  <testcase name="verifyGooglePageTittle" time="2.221" classname="com.google.tests.GoogleHomePageTest">
    <failure type="java.lang.AssertionError" message="expected [Login Form] but found [Unique Login Form Flat Responsive widget Template :: w3layouts]">
      <![CDATA[java.lang.AssertionError: expected [Login Form] but found [Unique Login Form Flat Responsive widget Template :: w3layouts]
	at com.google.tests.GoogleHomePageTest.verifyGooglePageTittle(GoogleHomePageTest.java:28)
... Removed 33 stack frames]]>
    </failure>
  </testcase> <!-- verifyGooglePageTittle -->
</testsuite> <!-- Simple Test -->
