<?xml version="1.0" encoding="UTF-8"?>
<!-- Generated by org.testng.reporters.JUnitXMLReporter -->
<testsuite hostname="suraj-PC" name="Simple Test" tests="1" failures="1" timestamp="27 Apr 2018 05:32:54 GMT" time="7.884" errors="0">
  <testcase name="verifyGooglePageTittle" time="1.431" classname="com.google.tests.GoogleHomePageTest">
    <failure type="java.lang.AssertionError" message="expected [Login Form] but found [Apache Tomcat/7.0.85 - Error report]">
      <![CDATA[java.lang.AssertionError: expected [Login Form] but found [Apache Tomcat/7.0.85 - Error report]
	at com.google.tests.GoogleHomePageTest.verifyGooglePageTittle(GoogleHomePageTest.java:28)
... Removed 33 stack frames]]>
    </failure>
  </testcase> <!-- verifyGooglePageTittle -->
</testsuite> <!-- Simple Test -->
