<?xml version="1.0" encoding="UTF-8"?>
<testsuite xmlns:xsi="http://www.w3.org/2001/XMLSchema-instance" xsi:noNamespaceSchemaLocation="https://maven.apache.org/surefire/maven-failsafe-plugin/xsd/failsafe-test-report.xsd" name="TestSuite" time="8.493" tests="1" errors="0" skipped="0" failures="1">
  <properties>
[...]
</properties>
  <testcase name="verifyGooglePageTittle" classname="com.google.tests.GoogleHomePageTest" time="1.438">
    <failure message="expected [Login Form] but found [Apache Tomcat/7.0.85 - Error report]" type="java.lang.AssertionError">java.lang.AssertionError: expected [Login Form] but found [Apache Tomcat/7.0.85 - Error report]
	at com.google.tests.GoogleHomePageTest.verifyGooglePageTittle(GoogleHomePageTest.java:28)
</failure>
    <system-err><![CDATA[Starting ChromeDriver 2.35.528139 (47ead77cb35ad2a9a83248b292151462a66cd881) on port 15738
Only local connections are allowed.
]]></system-err>
  </testcase>
</testsuite>