-------------------------------------------------------------------------------
Test set: TestSuite
-------------------------------------------------------------------------------
Tests run: 1, Failures: 1, Errors: 0, Skipped: 0, Time elapsed: 8.493 s <<< FAILURE! - in TestSuite
verifyGooglePageTittle(com.google.tests.GoogleHomePageTest)  Time elapsed: 1.438 s  <<< FAILURE!
java.lang.AssertionError: expected [Login Form] but found [Apache Tomcat/7.0.85 - Error report]
	at com.google.tests.GoogleHomePageTest.verifyGooglePageTittle(GoogleHomePageTest.java:28)

